<?xml version="1.0" encoding="UTF-8"?>
<!-- Generated by org.testng.reporters.JUnitXMLReporter -->
<testsuite ignored="0" hostname="LAPTOP-RRL8VLE7" failures="1" tests="1" name="Surefire test(failed)" time="11.663" errors="0" timestamp="2023-12-11T14:43:05 EST">
  <testcase classname="com.qa.tutorialsninja.TestCases.CheckOutTest" name="verifyCheckout" time="5.508">
    <failure type="java.lang.AssertionError" message="expected [false] but found [true]">
      <![CDATA[java.lang.AssertionError: expected [false] but found [true]
at com.qa.tutorialsninja.TestCases.CheckOutTest.verifyCheckout(CheckOutTest.java:46)
at java.base/java.util.ArrayList.forEach(ArrayList.java:1511)
... Removed 35 stack frames]]>
    </failure>
  </testcase> <!-- verifyCheckout -->
</testsuite> <!-- Surefire test(failed) -->
